[2024-03-03 18:21:23] [ INFO ] [OdontologoDAOH2:21] Estamos persistiendo un odontologo
[2024-03-03 18:21:23] [ INFO ] [OdontologoDAOH2:21] Estamos persistiendo un odontologo
[2024-03-03 18:21:23] [ INFO ] [OdontologoDAOH2:21] Estamos persistiendo un odontologo
[2024-03-03 18:21:23] [ INFO ] [OdontologoDAOH2:21] Estamos persistiendo un odontologo
[2024-03-03 18:21:23] [ INFO ] [OdontologoDAOH2:52] Estamos listando odontologos
[2024-03-03 18:21:24] [ INFO ] [OdontologoDAOH2:94] Esta es la lista que se está devolviendo [com.dh.integrador_clinica.model.Odontologo@20a967fe, com.dh.integrador_clinica.model.Odontologo@405b6d75, com.dh.integrador_clinica.model.Odontologo@682abca7, com.dh.integrador_clinica.model.Odontologo@1d858300]
[2024-03-03 18:24:35] [ INFO ] [OdontologoDAOH2:21] Estamos persistiendo un odontologo
[2024-03-03 18:24:35] [ INFO ] [OdontologoDAOH2:21] Estamos persistiendo un odontologo
[2024-03-03 18:24:35] [ INFO ] [OdontologoDAOH2:21] Estamos persistiendo un odontologo
[2024-03-03 18:24:35] [ INFO ] [OdontologoDAOH2:21] Estamos persistiendo un odontologo
[2024-03-03 18:24:35] [ INFO ] [OdontologoDAOH2:21] Estamos persistiendo un odontologo
[2024-03-03 18:24:35] [ INFO ] [OdontologoDAOH2:52] Estamos listando odontologos
[2024-03-03 18:24:35] [ INFO ] [OdontologoDAOH2:94] Esta es la lista que se está devolviendo [com.dh.integrador_clinica.model.Odontologo@32bb0072, com.dh.integrador_clinica.model.Odontologo@467233e4, com.dh.integrador_clinica.model.Odontologo@427a12b6, com.dh.integrador_clinica.model.Odontologo@6025d790, com.dh.integrador_clinica.model.Odontologo@af7e376]
[2024-03-13 20:34:46] [ INFO ] [OdontologoDAOH2:21] Estamos persistiendo un odontologo
[2024-03-13 20:34:46] [ INFO ] [OdontologoDAOH2:21] Estamos persistiendo un odontologo
[2024-03-13 20:34:47] [ INFO ] [OdontologoDAOH2:21] Estamos persistiendo un odontologo
[2024-03-13 20:34:47] [ INFO ] [OdontologoDAOH2:21] Estamos persistiendo un odontologo
[2024-03-13 20:34:47] [ INFO ] [OdontologoDAOH2:21] Estamos persistiendo un odontologo
[2024-03-13 20:34:47] [ INFO ] [OdontologoDAOH2:67] Estamos listando odontologos
[2024-03-13 20:34:47] [ INFO ] [OdontologoDAOH2:109] Esta es la lista que se está devolviendo [com.dh.integrador_clinica.model.Odontologo@7fd987ef, com.dh.integrador_clinica.model.Odontologo@7209ffb5, com.dh.integrador_clinica.model.Odontologo@5e99b9c, com.dh.integrador_clinica.model.Odontologo@2fe74516, com.dh.integrador_clinica.model.Odontologo@1c3259fa, com.dh.integrador_clinica.model.Odontologo@217bf99e]
[2024-03-13 20:41:14] [ INFO ] [OdontologoDAOH2:21] Estamos persistiendo un odontologo
[2024-03-13 20:41:14] [ INFO ] [OdontologoDAOH2:21] Estamos persistiendo un odontologo
[2024-03-13 20:41:14] [ INFO ] [OdontologoDAOH2:21] Estamos persistiendo un odontologo
[2024-03-13 20:41:14] [ INFO ] [OdontologoDAOH2:21] Estamos persistiendo un odontologo
[2024-03-13 20:41:15] [ INFO ] [OdontologoDAOH2:21] Estamos persistiendo un odontologo
[2024-03-13 20:41:15] [ INFO ] [OdontologoDAOH2:67] Estamos listando odontologos
[2024-03-13 20:41:15] [ INFO ] [OdontologoDAOH2:109] Esta es la lista que se está devolviendo [com.dh.integrador_clinica.model.Odontologo@58658f63, com.dh.integrador_clinica.model.Odontologo@54e12f4c, com.dh.integrador_clinica.model.Odontologo@60990e5c, com.dh.integrador_clinica.model.Odontologo@4d84049a, com.dh.integrador_clinica.model.Odontologo@39ee94de, com.dh.integrador_clinica.model.Odontologo@642857e0]
[2024-03-13 20:44:51] [ INFO ] [OdontologoDAOH2:21] Estamos persistiendo un odontologo
[2024-03-13 20:44:51] [ INFO ] [OdontologoDAOH2:21] Estamos persistiendo un odontologo
[2024-03-13 20:44:51] [ INFO ] [OdontologoDAOH2:21] Estamos persistiendo un odontologo
[2024-03-13 20:44:52] [ INFO ] [OdontologoDAOH2:21] Estamos persistiendo un odontologo
[2024-03-13 20:44:52] [ INFO ] [OdontologoDAOH2:21] Estamos persistiendo un odontologo
[2024-03-13 20:44:52] [ INFO ] [OdontologoDAOH2:67] Estamos listando odontologos
[2024-03-13 20:44:52] [ INFO ] [OdontologoDAOH2:109] Esta es la lista que se está devolviendo [com.dh.integrador_clinica.model.Odontologo@4cb702ce, com.dh.integrador_clinica.model.Odontologo@383caf89, com.dh.integrador_clinica.model.Odontologo@64c781a9, com.dh.integrador_clinica.model.Odontologo@71ed560f, com.dh.integrador_clinica.model.Odontologo@5b88b8e, com.dh.integrador_clinica.model.Odontologo@58253c57]
[2024-03-13 20:45:22] [ INFO ] [OdontologoDAOH2:21] Estamos persistiendo un odontologo
[2024-03-13 20:45:23] [ INFO ] [OdontologoDAOH2:21] Estamos persistiendo un odontologo
[2024-03-13 20:45:23] [ INFO ] [OdontologoDAOH2:21] Estamos persistiendo un odontologo
[2024-03-13 20:45:23] [ INFO ] [OdontologoDAOH2:21] Estamos persistiendo un odontologo
[2024-03-13 20:45:23] [ INFO ] [OdontologoDAOH2:21] Estamos persistiendo un odontologo
[2024-03-13 20:45:24] [ INFO ] [OdontologoDAOH2:67] Estamos listando odontologos
[2024-03-13 20:45:24] [ INFO ] [OdontologoDAOH2:109] Esta es la lista que se está devolviendo [com.dh.integrador_clinica.model.Odontologo@58253c57, com.dh.integrador_clinica.model.Odontologo@b73433, com.dh.integrador_clinica.model.Odontologo@1bf14704, com.dh.integrador_clinica.model.Odontologo@5a545b0f, com.dh.integrador_clinica.model.Odontologo@2be21396, com.dh.integrador_clinica.model.Odontologo@124dac75]
[2024-03-13 20:52:29] [ INFO ] [OdontologoDAOH2:21] Estamos persistiendo un odontologo
[2024-03-13 20:52:29] [ INFO ] [OdontologoDAOH2:21] Estamos persistiendo un odontologo
[2024-03-13 20:52:29] [ INFO ] [OdontologoDAOH2:21] Estamos persistiendo un odontologo
[2024-03-13 20:52:29] [ INFO ] [OdontologoDAOH2:21] Estamos persistiendo un odontologo
[2024-03-13 20:52:30] [ INFO ] [OdontologoDAOH2:21] Estamos persistiendo un odontologo
[2024-03-13 20:52:30] [ INFO ] [OdontologoDAOH2:67] Estamos listando odontologos
[2024-03-13 20:52:30] [ INFO ] [OdontologoDAOH2:109] Esta es la lista que se está devolviendo [com.dh.integrador_clinica.model.Odontologo@58658f63, com.dh.integrador_clinica.model.Odontologo@54e12f4c, com.dh.integrador_clinica.model.Odontologo@60990e5c, com.dh.integrador_clinica.model.Odontologo@4d84049a, com.dh.integrador_clinica.model.Odontologo@39ee94de, com.dh.integrador_clinica.model.Odontologo@642857e0]
[2024-03-13 20:55:32] [ INFO ] [OdontologoDAOH2:21] Estamos persistiendo un odontologo
[2024-03-13 20:55:32] [ INFO ] [OdontologoDAOH2:21] Estamos persistiendo un odontologo
[2024-03-13 20:55:32] [ INFO ] [OdontologoDAOH2:21] Estamos persistiendo un odontologo
[2024-03-13 20:55:32] [ INFO ] [OdontologoDAOH2:21] Estamos persistiendo un odontologo
[2024-03-13 20:55:32] [ INFO ] [OdontologoDAOH2:21] Estamos persistiendo un odontologo
[2024-03-13 20:55:32] [ INFO ] [OdontologoDAOH2:67] Estamos listando odontologos
[2024-03-13 20:55:32] [ ERROR] [OdontologoDAOH2:99] Error: La base de datos puede que ya esté siendo utilizada: "/Users/dianadelgadosuarez/Documents/TECH_DEVELOPER/BackEnd/TrabajoFinal/integrador_backend/db_clinica.mv.db". Soluciones Posibles: cierre todas las otras conexiones; use el modo server
Database may be already in use: "/Users/dianadelgadosuarez/Documents/TECH_DEVELOPER/BackEnd/TrabajoFinal/integrador_backend/db_clinica.mv.db". Possible solutions: close all other connection(s); use the server mode [90020-224]
[2024-03-13 20:55:32] [ INFO ] [OdontologoDAOH2:109] Esta es la lista que se está devolviendo []
[2024-03-13 20:56:57] [ INFO ] [OdontologoDAOH2:21] Estamos persistiendo un odontologo
[2024-03-13 20:56:58] [ INFO ] [OdontologoDAOH2:21] Estamos persistiendo un odontologo
[2024-03-13 20:56:58] [ INFO ] [OdontologoDAOH2:21] Estamos persistiendo un odontologo
[2024-03-13 20:56:58] [ INFO ] [OdontologoDAOH2:21] Estamos persistiendo un odontologo
[2024-03-13 20:56:58] [ INFO ] [OdontologoDAOH2:21] Estamos persistiendo un odontologo
[2024-03-13 20:56:59] [ INFO ] [OdontologoDAOH2:67] Estamos listando odontologos
[2024-03-13 20:56:59] [ INFO ] [OdontologoDAOH2:109] Esta es la lista que se está devolviendo [com.dh.integrador_clinica.model.Odontologo@315105f, com.dh.integrador_clinica.model.Odontologo@7b61bf11, com.dh.integrador_clinica.model.Odontologo@40247d48, com.dh.integrador_clinica.model.Odontologo@3ff54f3d, com.dh.integrador_clinica.model.Odontologo@14c93774, com.dh.integrador_clinica.model.Odontologo@62a68bcb]
[2024-03-13 21:09:41] [ INFO ] [OdontologoDAOH2:21] Estamos persistiendo un odontologo
[2024-03-13 21:09:41] [ INFO ] [OdontologoDAOH2:21] Estamos persistiendo un odontologo
[2024-03-13 21:09:41] [ INFO ] [OdontologoDAOH2:21] Estamos persistiendo un odontologo
[2024-03-13 21:09:41] [ INFO ] [OdontologoDAOH2:21] Estamos persistiendo un odontologo
[2024-03-13 21:09:41] [ INFO ] [OdontologoDAOH2:21] Estamos persistiendo un odontologo
[2024-03-13 21:09:41] [ INFO ] [OdontologoDAOH2:67] Estamos listando odontologos
[2024-03-13 21:09:41] [ ERROR] [OdontologoDAOH2:99] Error: La base de datos puede que ya esté siendo utilizada: "/Users/dianadelgadosuarez/Documents/TECH_DEVELOPER/BackEnd/TrabajoFinal/integrador_backend/db_clinica.mv.db". Soluciones Posibles: cierre todas las otras conexiones; use el modo server
Database may be already in use: "/Users/dianadelgadosuarez/Documents/TECH_DEVELOPER/BackEnd/TrabajoFinal/integrador_backend/db_clinica.mv.db". Possible solutions: close all other connection(s); use the server mode [90020-224]
[2024-03-13 21:09:41] [ INFO ] [OdontologoDAOH2:109] Esta es la lista que se está devolviendo []
[2024-03-13 21:10:12] [ INFO ] [OdontologoDAOH2:21] Estamos persistiendo un odontologo
[2024-03-13 21:10:12] [ INFO ] [OdontologoDAOH2:21] Estamos persistiendo un odontologo
[2024-03-13 21:10:12] [ INFO ] [OdontologoDAOH2:21] Estamos persistiendo un odontologo
[2024-03-13 21:10:12] [ INFO ] [OdontologoDAOH2:21] Estamos persistiendo un odontologo
[2024-03-13 21:10:12] [ INFO ] [OdontologoDAOH2:21] Estamos persistiendo un odontologo
[2024-03-13 21:10:12] [ INFO ] [OdontologoDAOH2:67] Estamos listando odontologos
[2024-03-13 21:10:12] [ ERROR] [OdontologoDAOH2:99] Error: La base de datos puede que ya esté siendo utilizada: "/Users/dianadelgadosuarez/Documents/TECH_DEVELOPER/BackEnd/TrabajoFinal/integrador_backend/db_clinica.mv.db". Soluciones Posibles: cierre todas las otras conexiones; use el modo server
Database may be already in use: "/Users/dianadelgadosuarez/Documents/TECH_DEVELOPER/BackEnd/TrabajoFinal/integrador_backend/db_clinica.mv.db". Possible solutions: close all other connection(s); use the server mode [90020-224]
[2024-03-13 21:10:12] [ INFO ] [OdontologoDAOH2:109] Esta es la lista que se está devolviendo []
[2024-03-13 21:10:42] [ INFO ] [OdontologoDAOH2:21] Estamos persistiendo un odontologo
[2024-03-13 21:10:42] [ INFO ] [OdontologoDAOH2:21] Estamos persistiendo un odontologo
[2024-03-13 21:10:42] [ INFO ] [OdontologoDAOH2:21] Estamos persistiendo un odontologo
[2024-03-13 21:10:42] [ INFO ] [OdontologoDAOH2:21] Estamos persistiendo un odontologo
[2024-03-13 21:10:42] [ INFO ] [OdontologoDAOH2:21] Estamos persistiendo un odontologo
[2024-03-13 21:10:42] [ INFO ] [OdontologoDAOH2:67] Estamos listando odontologos
[2024-03-13 21:10:42] [ ERROR] [OdontologoDAOH2:99] Error: La base de datos puede que ya esté siendo utilizada: "/Users/dianadelgadosuarez/Documents/TECH_DEVELOPER/BackEnd/TrabajoFinal/integrador_backend/db_clinica.mv.db". Soluciones Posibles: cierre todas las otras conexiones; use el modo server
Database may be already in use: "/Users/dianadelgadosuarez/Documents/TECH_DEVELOPER/BackEnd/TrabajoFinal/integrador_backend/db_clinica.mv.db". Possible solutions: close all other connection(s); use the server mode [90020-224]
[2024-03-13 21:10:42] [ INFO ] [OdontologoDAOH2:109] Esta es la lista que se está devolviendo []
[2024-03-13 21:13:59] [ INFO ] [OdontologoDAOH2:21] Estamos persistiendo un odontologo
[2024-03-13 21:13:59] [ INFO ] [OdontologoDAOH2:21] Estamos persistiendo un odontologo
[2024-03-13 21:13:59] [ INFO ] [OdontologoDAOH2:21] Estamos persistiendo un odontologo
[2024-03-13 21:14:00] [ INFO ] [OdontologoDAOH2:21] Estamos persistiendo un odontologo
[2024-03-13 21:14:00] [ INFO ] [OdontologoDAOH2:21] Estamos persistiendo un odontologo
[2024-03-13 21:14:00] [ INFO ] [OdontologoDAOH2:67] Estamos listando odontologos
[2024-03-13 21:14:00] [ INFO ] [OdontologoDAOH2:109] Esta es la lista que se está devolviendo [Odontologo con id: 1, matricula: 567, nombre: Eliana, apellido: Barreto, Odontologo con id: 2, matricula: 1234, nombre: Carlitos, apellido: Fernandez, Odontologo con id: 3, matricula: 9876, nombre: Pablo, apellido: Rodriguez, Odontologo con id: 4, matricula: 4567, nombre: Alberta, apellido: Solis, Odontologo con id: 5, matricula: 11111, nombre: Rodri, apellido: Hola, Odontologo con id: 6, matricula: 0, nombre: Eli, apellido: BBvdsf]
[2024-03-13 21:14:55] [ INFO ] [OdontologoDAOH2:21] Estamos persistiendo un odontologo
[2024-03-13 21:14:56] [ INFO ] [OdontologoDAOH2:21] Estamos persistiendo un odontologo
[2024-03-13 21:14:56] [ INFO ] [OdontologoDAOH2:21] Estamos persistiendo un odontologo
[2024-03-13 21:14:56] [ INFO ] [OdontologoDAOH2:21] Estamos persistiendo un odontologo
[2024-03-13 21:14:56] [ INFO ] [OdontologoDAOH2:21] Estamos persistiendo un odontologo
[2024-03-13 21:14:56] [ INFO ] [OdontologoDAOH2:67] Estamos listando odontologos
[2024-03-13 21:14:57] [ INFO ] [OdontologoDAOH2:109] Esta es la lista que se está devolviendo [Odontologo con id: 1, matricula: 567, nombre: Eliana, apellido: Barreto, Odontologo con id: 2, matricula: 1234, nombre: Carlitos, apellido: Fernandez, Odontologo con id: 3, matricula: 9876, nombre: Pablo, apellido: Rodriguez, Odontologo con id: 4, matricula: 4567, nombre: Alberta, apellido: Solis, Odontologo con id: 5, matricula: 11111, nombre: Rodri, apellido: Hola, Odontologo con id: 6, matricula: 0, nombre: Eli, apellido: BBvdsf]
[2024-03-13 21:19:56] [ INFO ] [OdontologoDAOH2:21] Estamos persistiendo un odontologo
[2024-03-13 21:19:56] [ INFO ] [OdontologoDAOH2:21] Estamos persistiendo un odontologo
[2024-03-13 21:19:57] [ INFO ] [OdontologoDAOH2:21] Estamos persistiendo un odontologo
[2024-03-13 21:19:57] [ INFO ] [OdontologoDAOH2:21] Estamos persistiendo un odontologo
[2024-03-13 21:19:57] [ INFO ] [OdontologoDAOH2:21] Estamos persistiendo un odontologo
[2024-03-13 21:19:57] [ INFO ] [OdontologoDAOH2:67] Estamos listando odontologos
[2024-03-13 21:19:58] [ INFO ] [OdontologoDAOH2:109] Esta es la lista que se está devolviendo [Odontologo con id: 1, matricula: 567, nombre: Eliana, apellido: Barreto, Odontologo con id: 2, matricula: 1234, nombre: Carlitos, apellido: Fernandez, Odontologo con id: 3, matricula: 9876, nombre: Pablo, apellido: Rodriguez, Odontologo con id: 4, matricula: 4567, nombre: Alberta, apellido: Solis, Odontologo con id: 5, matricula: 11111, nombre: Rodri, apellido: Hola, Odontologo con id: 6, matricula: 0, nombre: Eli, apellido: BBvdsf]
[2024-03-13 21:21:11] [ INFO ] [OdontologoDAOH2:21] Estamos persistiendo un odontologo
[2024-03-13 21:21:11] [ INFO ] [OdontologoDAOH2:21] Estamos persistiendo un odontologo
[2024-03-13 21:21:12] [ INFO ] [OdontologoDAOH2:21] Estamos persistiendo un odontologo
[2024-03-13 21:21:12] [ INFO ] [OdontologoDAOH2:21] Estamos persistiendo un odontologo
[2024-03-13 21:21:12] [ INFO ] [OdontologoDAOH2:21] Estamos persistiendo un odontologo
[2024-03-13 21:21:12] [ INFO ] [OdontologoDAOH2:67] Estamos listando odontologos
[2024-03-13 21:21:12] [ INFO ] [OdontologoDAOH2:109] Esta es la lista que se está devolviendoooooo [Odontologo con id: 1, matricula: 567, nombre: Eliana, apellido: Barreto, Odontologo con id: 2, matricula: 1234, nombre: Carlitos, apellido: Fernandez, Odontologo con id: 3, matricula: 9876, nombre: Pablo, apellido: Rodriguez, Odontologo con id: 4, matricula: 4567, nombre: Alberta, apellido: Solis, Odontologo con id: 5, matricula: 11111, nombre: Rodri, apellido: Hola, Odontologo con id: 6, matricula: 0, nombre: Eli, apellido: BBvdsf]
[2024-03-13 21:44:15] [ INFO ] [OdontologoDAOH2:21] Estamos persistiendo un odontologo
[2024-03-13 21:44:15] [ INFO ] [OdontologoDAOH2:21] Estamos persistiendo un odontologo
[2024-03-13 21:44:15] [ INFO ] [OdontologoDAOH2:21] Estamos persistiendo un odontologo
[2024-03-13 21:44:15] [ INFO ] [OdontologoDAOH2:21] Estamos persistiendo un odontologo
[2024-03-13 21:44:15] [ INFO ] [OdontologoDAOH2:21] Estamos persistiendo un odontologo
[2024-03-13 21:44:15] [ INFO ] [OdontologoDAOH2:67] Estamos listando odontologos
[2024-03-13 21:44:16] [ INFO ] [OdontologoDAOH2:109] Esta es la lista que se está devolviendoooooo [Odontologo con id: 1, matricula: 567, nombre: Eliana, apellido: Barreto, Odontologo con id: 2, matricula: 1234, nombre: Carlitos, apellido: Fernandez, Odontologo con id: 3, matricula: 9876, nombre: Pablo, apellido: Rodriguez, Odontologo con id: 4, matricula: 4567, nombre: Alberta, apellido: Solis, Odontologo con id: 5, matricula: 11111, nombre: Rodri, apellido: Hola, Odontologo con id: 6, matricula: 0, nombre: Eli, apellido: BBvdsf]
[2024-03-13 22:05:30] [ INFO ] [OdontologoDAOH2:21] Estamos persistiendo un odontologo
[2024-03-13 22:05:30] [ INFO ] [OdontologoDAOH2:21] Estamos persistiendo un odontologo
[2024-03-13 22:05:30] [ INFO ] [OdontologoDAOH2:21] Estamos persistiendo un odontologo
[2024-03-13 22:05:30] [ INFO ] [OdontologoDAOH2:21] Estamos persistiendo un odontologo
[2024-03-13 22:05:30] [ INFO ] [OdontologoDAOH2:21] Estamos persistiendo un odontologo
[2024-03-13 22:06:41] [ INFO ] [OdontologoDAOH2:21] Estamos persistiendo un odontologo
[2024-03-13 22:06:41] [ INFO ] [OdontologoDAOH2:21] Estamos persistiendo un odontologo
[2024-03-13 22:06:41] [ INFO ] [OdontologoDAOH2:21] Estamos persistiendo un odontologo
[2024-03-13 22:06:41] [ INFO ] [OdontologoDAOH2:21] Estamos persistiendo un odontologo
[2024-03-13 22:06:41] [ INFO ] [OdontologoDAOH2:21] Estamos persistiendo un odontologo
[2024-03-13 22:08:27] [ INFO ] [OdontologoDAOH2:21] Estamos persistiendo un odontologo
[2024-03-13 22:08:27] [ INFO ] [OdontologoDAOH2:21] Estamos persistiendo un odontologo
[2024-03-13 22:08:28] [ INFO ] [OdontologoDAOH2:21] Estamos persistiendo un odontologo
[2024-03-13 22:08:28] [ INFO ] [OdontologoDAOH2:21] Estamos persistiendo un odontologo
[2024-03-13 22:08:28] [ INFO ] [OdontologoDAOH2:21] Estamos persistiendo un odontologo
[2024-03-13 22:08:28] [ INFO ] [IntegradorClinicaApplication:37] Hola llego hasta aca ja ja ja
[2024-03-13 22:09:13] [ INFO ] [OdontologoDAOH2:21] Estamos persistiendo un odontologo
[2024-03-13 22:09:14] [ INFO ] [OdontologoDAOH2:21] Estamos persistiendo un odontologo
[2024-03-13 22:09:14] [ INFO ] [OdontologoDAOH2:21] Estamos persistiendo un odontologo
[2024-03-13 22:09:14] [ INFO ] [OdontologoDAOH2:21] Estamos persistiendo un odontologo
[2024-03-13 22:09:14] [ INFO ] [OdontologoDAOH2:21] Estamos persistiendo un odontologo
[2024-03-13 22:09:15] [ INFO ] [IntegradorClinicaApplication:39] Hola llego hasta aca ja ja ja
[2024-03-13 22:12:42] [ INFO ] [OdontologoDAOH2:21] Estamos persistiendo un odontologo
[2024-03-13 22:12:42] [ INFO ] [OdontologoDAOH2:21] Estamos persistiendo un odontologo
[2024-03-13 22:12:42] [ INFO ] [OdontologoDAOH2:21] Estamos persistiendo un odontologo
[2024-03-13 22:12:43] [ INFO ] [OdontologoDAOH2:21] Estamos persistiendo un odontologo
[2024-03-13 22:12:43] [ INFO ] [OdontologoDAOH2:21] Estamos persistiendo un odontologo
[2024-03-13 22:12:43] [ INFO ] [OdontologoDAOH2:67] Estamos listando odontologos
[2024-03-13 22:12:43] [ INFO ] [OdontologoDAOH2:109] Esta es la lista que se está devolviendoooooo [Odontologo con id: 1, matricula: 567, nombre: Eliana, apellido: Barreto, Odontologo con id: 2, matricula: 1234, nombre: Carlitos, apellido: Fernandez, Odontologo con id: 3, matricula: 9876, nombre: Pablo, apellido: Rodriguez, Odontologo con id: 4, matricula: 4567, nombre: Alberta, apellido: Solis, Odontologo con id: 5, matricula: 11111, nombre: Rodri, apellido: Hola, Odontologo con id: 6, matricula: 0, nombre: Eli, apellido: BBvdsf]
[2024-03-13 22:12:43] [ INFO ] [IntegradorClinicaApplication:39] Hola llego hasta aca ja ja ja
[2024-03-13 22:19:22] [ INFO ] [OdontologoDAOH2:21] Estamos persistiendo un odontologo
[2024-03-13 22:19:22] [ INFO ] [OdontologoDAOH2:21] Estamos persistiendo un odontologo
[2024-03-13 22:19:22] [ INFO ] [OdontologoDAOH2:21] Estamos persistiendo un odontologo
[2024-03-13 22:19:22] [ INFO ] [OdontologoDAOH2:21] Estamos persistiendo un odontologo
[2024-03-13 22:19:23] [ INFO ] [OdontologoDAOH2:21] Estamos persistiendo un odontologo
[2024-03-13 22:19:23] [ INFO ] [OdontologoDAOH2:67] Estamos listando odontologos
[2024-03-13 22:19:23] [ INFO ] [OdontologoDAOH2:109] Esta es la lista que se está devolviendoooooo [Odontologo con id: 1, matricula: 567, nombre: Eliana, apellido: Barreto, Odontologo con id: 2, matricula: 1234, nombre: Carlitos, apellido: Fernandez, Odontologo con id: 3, matricula: 9876, nombre: Pablo, apellido: Rodriguez, Odontologo con id: 4, matricula: 4567, nombre: Alberta, apellido: Solis, Odontologo con id: 5, matricula: 11111, nombre: Rodri, apellido: Hola, Odontologo con id: 6, matricula: 0, nombre: Eli, apellido: BBvdsf]
[2024-03-13 22:19:23] [ INFO ] [IntegradorClinicaApplication:39] Hola llego hasta aca ja ja ja
